::1 - - [12/Mar/2018:22:47:05 +0000] "GET / HTTP/1.1" 304 - "-" "Mozilla/5.0 (Macintosh; Intel Mac OS X 10_13_3) AppleWebKit/537.36 (KHTML, like Gecko) Chrome/64.0.3282.186 Safari/537.36"
::1 - - [12/Mar/2018:22:48:13 +0000] "GET /fb HTTP/1.1" 302 0 "-" "Mozilla/5.0 (Macintosh; Intel Mac OS X 10_13_3) AppleWebKit/537.36 (KHTML, like Gecko) Chrome/64.0.3282.186 Safari/537.36"
::1 - - [12/Mar/2018:22:48:14 +0000] "GET /fb/callback?code=AQA7SKYCqsGJyRKSK2fFYAMUW0nupfAeLnLbV_vVSiXV3Y2y-pCUPjEn4dbUylHJqMN22Q2_jt43AE7YS0YOM4IH9UNSpXKSbdJHt9mKMaa-aL00SFjFMCgadLGGqcElGQ1WTCXJIMoL3p-jKhAPBna44PaJpRh_QcQeHv8A4Xlv5r9Nu-JQI-bWQwDrBWIRXC8QMsRuVHWXHq9NaTyRJSVBMlEG4Ums2ZCSUGJS_r4pc-Yehbb5GVEVQ3DqzBI0Q2lcEzPDDRMAcqZSZzPt4mMdb2JZ6rE5p0A2Dsv904GqrS5uKUo-FpOVV61MBQSFZ0qKoh2RaEuP_DeZQ5NyVIN6 HTTP/1.1" 302 60 "-" "Mozilla/5.0 (Macintosh; Intel Mac OS X 10_13_3) AppleWebKit/537.36 (KHTML, like Gecko) Chrome/64.0.3282.186 Safari/537.36"
::1 - - [12/Mar/2018:22:48:14 +0000] "GET /profile HTTP/1.1" 304 - "-" "Mozilla/5.0 (Macintosh; Intel Mac OS X 10_13_3) AppleWebKit/537.36 (KHTML, like Gecko) Chrome/64.0.3282.186 Safari/537.36"
::1 - - [12/Mar/2018:22:48:14 +0000] "GET /fb/callback?code=AQANfh2ls8iCHnSBfX8lJzN7LjwIyLW0L577AYUXqW2IrRvNlZIfM8A9OOe0JxnX-0sYPwiHe4c1nII3LwBU2bw2dEjpuI7rSreySEAits9uAc9IXzZK0mSUEIzh0m6Q53Z84mYvuSaXIrxlCY7eUSq4pJPYRhVs97hSXbQuZLwmjBJw6HAK7OgzlqUkAb15SxwoYh_vZA49yWqYhpIMtkMH_RS7Rfy4Yru5c0SjDfcqkTEXGqTcMafXYIzKsmLuacyYCHYQhLMKimpkG7smkG06zy3LKgco6var8tBxphgId2klFyfhQPE6kbhiiepQuaC_NSXTdnCKVjWEP4_d1E23 HTTP/1.1" 302 60 "-" "Mozilla/5.0 (Macintosh; Intel Mac OS X 10_13_3) AppleWebKit/537.36 (KHTML, like Gecko) Chrome/64.0.3282.186 Safari/537.36"
::1 - - [12/Mar/2018:22:49:29 +0000] "GET /profile HTTP/1.1" 302 56 "-" "Mozilla/5.0 (Macintosh; Intel Mac OS X 10_13_3) AppleWebKit/537.36 (KHTML, like Gecko) Chrome/64.0.3282.186 Safari/537.36"
::1 - - [12/Mar/2018:22:49:29 +0000] "GET /login HTTP/1.1" 404 3 "-" "Mozilla/5.0 (Macintosh; Intel Mac OS X 10_13_3) AppleWebKit/537.36 (KHTML, like Gecko) Chrome/64.0.3282.186 Safari/537.36"
::1 - - [12/Mar/2018:22:49:43 +0000] "GET / HTTP/1.1" 304 - "-" "Mozilla/5.0 (Macintosh; Intel Mac OS X 10_13_3) AppleWebKit/537.36 (KHTML, like Gecko) Chrome/64.0.3282.186 Safari/537.36"
::1 - - [12/Mar/2018:22:50:34 +0000] "GET / HTTP/1.1" 304 - "-" "Mozilla/5.0 (Macintosh; Intel Mac OS X 10_13_3) AppleWebKit/537.36 (KHTML, like Gecko) Chrome/64.0.3282.186 Safari/537.36"
::1 - - [12/Mar/2018:22:50:46 +0000] "GET / HTTP/1.1" 200 7 "-" "Mozilla/5.0 (Macintosh; Intel Mac OS X 10_13_3) AppleWebKit/537.36 (KHTML, like Gecko) Chrome/64.0.3282.186 Safari/537.36"
::1 - - [12/Mar/2018:22:50:50 +0000] "GET / HTTP/1.1" 304 - "-" "Mozilla/5.0 (Macintosh; Intel Mac OS X 10_13_3) AppleWebKit/537.36 (KHTML, like Gecko) Chrome/64.0.3282.186 Safari/537.36"
::1 - - [12/Mar/2018:23:02:30 +0000] "GET / HTTP/1.1" 304 - "-" "Mozilla/5.0 (Macintosh; Intel Mac OS X 10_13_3) AppleWebKit/537.36 (KHTML, like Gecko) Chrome/64.0.3282.186 Safari/537.36"
::1 - - [12/Mar/2018:23:02:37 +0000] "GET /fb HTTP/1.1" 302 0 "-" "Mozilla/5.0 (Macintosh; Intel Mac OS X 10_13_3) AppleWebKit/537.36 (KHTML, like Gecko) Chrome/64.0.3282.186 Safari/537.36"
::1 - - [12/Mar/2018:23:02:38 +0000] "GET /fb/callback?code=AQBUhbkBie4QDgHbm-0aL23e5H9jpNsv1mbpIRZlBQPvLTmsKLBHUBXX8Wf-8kNYsUbp0ki50dERbHNwZaPGa3zSWk5Rx88niNqA-tjwPWO2zVJtBFrYzmhxnRL07sdWT3hmZ8NrnPoC1opVbfryCEoh2KY1jTv1-fsSZgWtRbbsuoFjbGfy-QuW-PVOHjWiD61cX2nCdxS6AsE1hA9ooPbboGY5jbE6HoZkEhgalDauWr46glEjVNDLSUfxwr7aeFBtIsg8lpQ-DVK0Wpv9ezYFV8mTDjhSfcPMI2is42PuU6j7l-gGGWe8Kq7-PCCnmYvrcGp9nc5J1CLrnIck8Gbd HTTP/1.1" 302 60 "-" "Mozilla/5.0 (Macintosh; Intel Mac OS X 10_13_3) AppleWebKit/537.36 (KHTML, like Gecko) Chrome/64.0.3282.186 Safari/537.36"
::1 - - [12/Mar/2018:23:02:38 +0000] "GET /profile HTTP/1.1" 200 181 "-" "Mozilla/5.0 (Macintosh; Intel Mac OS X 10_13_3) AppleWebKit/537.36 (KHTML, like Gecko) Chrome/64.0.3282.186 Safari/537.36"
::1 - - [12/Mar/2018:23:02:38 +0000] "GET /fb/callback?code=AQCIIF2Nkd7yJSs9wUKb0Dm7YF-V7oNewrEHYNpseHEtQ5E1kajPYnHfCWX7A2gKETgFY-geBgrO_joS1eLIaGffzwuHlehrugS99JY1dTLKY--Caa-0pswTyuO4WozFvMS-Vzv3oVKuF2AwhSECpD9YZePRpGn3TDpAiLHZPTLaymqznbRoxg8qm026JMAfm4nRF20Y0d8Qj7yqxDTIueMTIEIs634EEOb-Za3CVcWcBhmHk3pc4WdudenweNc59z29snlwLSf7dJ9ChKGRUjeQ15OPEBF2B0TrfUlsaYuTEeRHwUV87xk7NCrh-vxBihkObrhiPB8VjgZGZRrHLxuZ HTTP/1.1" 302 60 "-" "Mozilla/5.0 (Macintosh; Intel Mac OS X 10_13_3) AppleWebKit/537.36 (KHTML, like Gecko) Chrome/64.0.3282.186 Safari/537.36"
::1 - - [12/Mar/2018:23:02:44 +0000] "GET / HTTP/1.1" 200 22 "-" "Mozilla/5.0 (Macintosh; Intel Mac OS X 10_13_3) AppleWebKit/537.36 (KHTML, like Gecko) Chrome/64.0.3282.186 Safari/537.36"
::1 - - [12/Mar/2018:23:04:24 +0000] "GET /api/checkpost?juyk=ryku HTTP/1.1" 200 21 "-" "Mozilla/5.0 (Macintosh; Intel Mac OS X 10_13_3) AppleWebKit/537.36 (KHTML, like Gecko) Chrome/64.0.3282.186 Safari/537.36"
::1 - - [12/Mar/2018:23:04:28 +0000] "POST /api/checkpost?juyk=ryku HTTP/1.1" 201 4 "-" "Mozilla/5.0 (Macintosh; Intel Mac OS X 10_13_3) AppleWebKit/537.36 (KHTML, like Gecko) Chrome/64.0.3282.186 Safari/537.36"
::1 - - [12/Mar/2018:23:06:44 +0000] "GET / HTTP/1.1" 200 7 "-" "Mozilla/5.0 (Macintosh; Intel Mac OS X 10_13_3) AppleWebKit/537.36 (KHTML, like Gecko) Chrome/64.0.3282.186 Safari/537.36"
::1 - - [12/Mar/2018:23:07:09 +0000] "GET / HTTP/1.1" 200 7 "-" "Mozilla/5.0 (Macintosh; Intel Mac OS X 10_13_3) AppleWebKit/537.36 (KHTML, like Gecko) Chrome/64.0.3282.186 Safari/537.36"
::ffff:192.168.1.41 - - [12/Mar/2018:23:11:50 +0000] "GET / HTTP/1.1" 200 7 "-" "Mozilla/5.0 (iPhone; CPU iPhone OS 11_2_5 like Mac OS X) AppleWebKit/604.5.6 (KHTML, like Gecko) Version/11.0 Mobile/15D60 Safari/604.1"
::ffff:192.168.1.41 - - [12/Mar/2018:23:12:00 +0000] "GET /fb HTTP/1.1" 302 0 "-" "Mozilla/5.0 (iPhone; CPU iPhone OS 11_2_5 like Mac OS X) AppleWebKit/604.5.6 (KHTML, like Gecko) Version/11.0 Mobile/15D60 Safari/604.1"
::1 - - [13/Mar/2018:07:59:54 +0000] "GET / HTTP/1.1" 304 - "-" "Mozilla/5.0 (Macintosh; Intel Mac OS X 10_13_3) AppleWebKit/537.36 (KHTML, like Gecko) Chrome/64.0.3282.186 Safari/537.36"
::1 - - [13/Mar/2018:08:08:30 +0000] "GET / HTTP/1.1" 304 - "-" "Mozilla/5.0 (Macintosh; Intel Mac OS X 10_13_3) AppleWebKit/537.36 (KHTML, like Gecko) Chrome/64.0.3282.186 Safari/537.36"
